<?xml version="1.0" encoding="UTF-8"?>
<!-- Generated by org.testng.reporters.JUnitReportReporter -->
<testsuite hostname="DESKTOP-6QGRDUT" failures="0" tests="2" name="testNGTutorials.SuiteExample" time="2.608" errors="0" timestamp="20 May 2024 12:56:17 GMT" skipped="0">
  <testcase classname="testNGTutorials.SuiteExample" name="openGoogle" time="2.026"/>
  <testcase classname="testNGTutorials.SuiteExample" name="openBing" time="0.582"/>
</testsuite> <!-- testNGTutorials.SuiteExample -->
