<?xml version="1.0" encoding="UTF-8"?>
<!-- Generated by org.testng.reporters.JUnitReportReporter -->
<testsuite hostname="DESKTOP-6QGRDUT" failures="0" tests="1" name="testNGTutorials.AnnotationsHeirachyExample" time="0.007" errors="0" timestamp="21 May 2024 05:12:53 GMT" skipped="0">
  <testcase classname="testNGTutorials.AnnotationsHeirachyExample" name="Test" time="0.007"/>
</testsuite> <!-- testNGTutorials.AnnotationsHeirachyExample -->
