<?xml version="1.0" encoding="UTF-8"?>
<!-- Generated by org.testng.reporters.JUnitReportReporter -->
<testsuite hostname="DESKTOP-6QGRDUT" failures="0" tests="5" name="testNGTutorials.PriorityExample" time="0.009" errors="0" timestamp="20 May 2024 12:47:54 GMT" skipped="1">
  <testcase classname="testNGTutorials.PriorityExample" name="ExamResults" time="0.003"/>
  <testcase classname="testNGTutorials.PriorityExample" name="Quarterly" time="0.003"/>
  <testcase classname="testNGTutorials.PriorityExample" name="Half_Earley" time="0.002"/>
  <testcase classname="testNGTutorials.PriorityExample" name="Annual" time="0.001"/>
  <testcase classname="testNGTutorials.PriorityExample" name="revisionExams">
    <skipped/>
  </testcase> <!-- revisionExams -->
</testsuite> <!-- testNGTutorials.PriorityExample -->
