<?xml version="1.0" encoding="UTF-8"?>
<!-- Generated by org.testng.reporters.JUnitReportReporter -->
<testsuite hostname="DESKTOP-6QGRDUT" failures="0" tests="1" name="testNGTutorials.AssertionExample" time="0.020" errors="0" timestamp="21 May 2024 04:02:49 GMT" skipped="0">
  <testcase classname="testNGTutorials.AssertionExample" name="Check" time="0.020"/>
</testsuite> <!-- testNGTutorials.AssertionExample -->
