<?xml version="1.0" encoding="UTF-8"?>
<!-- Generated by org.testng.reporters.JUnitReportReporter -->
<testsuite hostname="DESKTOP-6QGRDUT" failures="0" tests="2" name="testNGTutorials.Parallelexample" time="8.646" errors="0" timestamp="21 May 2024 03:39:52 GMT" skipped="0">
  <testcase classname="testNGTutorials.Parallelexample" name="openchrome" time="4.848"/>
  <testcase classname="testNGTutorials.Parallelexample" name="openbing" time="3.798"/>
</testsuite> <!-- testNGTutorials.Parallelexample -->
