<?xml version="1.0" encoding="UTF-8"?>
<!-- Generated by org.testng.reporters.JUnitReportReporter -->
<testsuite hostname="DESKTOP-6QGRDUT" failures="0" tests="1" name="testNGTutorials.BothCorrect" time="6.774" errors="0" timestamp="22 May 2024 06:16:02 GMT" skipped="0">
  <testcase classname="testNGTutorials.BothCorrect" name="BCorrect" time="6.774"/>
</testsuite> <!-- testNGTutorials.BothCorrect -->
