<?xml version="1.0" encoding="UTF-8"?>
<!-- Generated by org.testng.reporters.JUnitReportReporter -->
<testsuite hostname="DESKTOP-6QGRDUT" failures="0" tests="3" name="testNGTutorials.DependencyManagement" time="0.017" errors="0" timestamp="20 May 2024 12:47:54 GMT" skipped="0">
  <testcase classname="testNGTutorials.DependencyManagement" name="HighSchool" time="0.002"/>
  <testcase classname="testNGTutorials.DependencyManagement" name="MiddleSchool" time="0.011"/>
  <testcase classname="testNGTutorials.DependencyManagement" name="Engineering" time="0.004"/>
</testsuite> <!-- testNGTutorials.DependencyManagement -->
