<?xml version="1.0" encoding="UTF-8"?>
<!-- Generated by org.testng.reporters.JUnitReportReporter -->
<testsuite hostname="DESKTOP-6QGRDUT" failures="0" tests="1" name="testNGTutorials.Parameterization" time="0.022" errors="0" timestamp="20 May 2024 14:13:37 GMT" skipped="0">
  <testcase classname="testNGTutorials.Parameterization" name="animal" time="0.022"/>
</testsuite> <!-- testNGTutorials.Parameterization -->
